# JRE version: OpenJDK Runtime Environment Temurin-17.0.6+10 (17.0.6+10) (build 17.0.6+10)
# Java VM: OpenJDK 64-Bit Server VM Temurin-17.0.6+10 (17.0.6+10, mixed mode, emulated-client, tiered, compressed oops, compressed class ptrs, g1 gc, windows-amd64)
GC Precious Log:
 CPUs: 8 total, 8 available
 Memory: 16212M
 Large Page Support: Disabled
 NUMA Support: Disabled
 Compressed Oops: Enabled (32-bit)
 Heap Region Size: 1M
 Heap Min Capacity: 8M
 Heap Initial Capacity: 254M
 Heap Max Capacity: 1G
 Pre-touch: Disabled
 Parallel Workers: 8
 Concurrent Workers: 2
 Concurrent Refinement Workers: 8
 Periodic GC: Disabled
Heap:
 garbage-first heap   total 133120K, used 39095K [0x00000000c0000000, 0x0000000100000000)
  region size 1024K, 1 young (1024K), 0 survivors (0K)
 Metaspace       used 70791K, committed 71424K, reserved 1114112K
  class space    used 9661K, committed 9920K, reserved 1048576K
GC Heap History (20 events):
Event: 2944.545 GC heap before
{Heap before GC invocations=241 (full 183):
 garbage-first heap   total 133120K, used 39095K [0x00000000c0000000, 0x0000000100000000)
  region size 1024K, 1 young (1024K), 0 survivors (0K)
 Metaspace       used 70791K, committed 71424K, reserved 1114112K
  class space    used 9661K, committed 9920K, reserved 1048576K
}
Event: 2944.606 GC heap after
{Heap after GC invocations=242 (full 184):
 garbage-first heap   total 133120K, used 39095K [0x00000000c0000000, 0x0000000100000000)
  region size 1024K, 0 young (0K), 0 survivors (0K)
 Metaspace       used 70791K, committed 71424K, reserved 1114112K
  class space    used 9661K, committed 9920K, reserved 1048576K
}
Event: 2954.922 GC heap before
{Heap before GC invocations=242 (full 184):
 garbage-first heap   total 133120K, used 39095K [0x00000000c0000000, 0x0000000100000000)
  region size 1024K, 1 young (1024K), 0 survivors (0K)
 Metaspace       used 70791K, committed 71424K, reserved 1114112K
  class space    used 9661K, committed 9920K, reserved 1048576K
}
Event: 2954.968 GC heap after
{Heap after GC invocations=243 (full 185):
 garbage-first heap   total 133120K, used 39095K [0x00000000c0000000, 0x0000000100000000)
  region size 1024K, 0 young (0K), 0 survivors (0K)
 Metaspace       used 70791K, committed 71424K, reserved 1114112K
  class space    used 9661K, committed 9920K, reserved 1048576K
}
Event: 2965.256 GC heap before
{Heap before GC invocations=243 (full 185):
 garbage-first heap   total 133120K, used 39095K [0x00000000c0000000, 0x0000000100000000)
  region size 1024K, 1 young (1024K), 0 survivors (0K)
 Metaspace       used 70791K, committed 71424K, reserved 1114112K
  class space    used 9661K, committed 9920K, reserved 1048576K
}
Event: 2965.302 GC heap after
{Heap after GC invocations=244 (full 186):
 garbage-first heap   total 133120K, used 39095K [0x00000000c0000000, 0x0000000100000000)
  region size 1024K, 0 young (0K), 0 survivors (0K)
 Metaspace       used 70791K, committed 71424K, reserved 1114112K
  class space    used 9661K, committed 9920K, reserved 1048576K
}
Event: 2975.597 GC heap before
{Heap before GC invocations=244 (full 186):
 garbage-first heap   total 133120K, used 39095K [0x00000000c0000000, 0x0000000100000000)
  region size 1024K, 1 young (1024K), 0 survivors (0K)
 Metaspace       used 70791K, committed 71424K, reserved 1114112K
  class space    used 9661K, committed 9920K, reserved 1048576K
}
Event: 2975.650 GC heap after
{Heap after GC invocations=245 (full 187):
 garbage-first heap   total 133120K, used 39095K [0x00000000c0000000, 0x0000000100000000)
  region size 1024K, 0 young (0K), 0 survivors (0K)
 Metaspace       used 70791K, committed 71424K, reserved 1114112K
  class space    used 9661K, committed 9920K, reserved 1048576K
}
Event: 2986.000 GC heap before
{Heap before GC invocations=245 (full 187):
 garbage-first heap   total 133120K, used 39095K [0x00000000c0000000, 0x0000000100000000)
  region size 1024K, 1 young (1024K), 0 survivors (0K)
 Metaspace       used 70791K, committed 71424K, reserved 1114112K
  class space    used 9661K, committed 9920K, reserved 1048576K
}
Event: 2986.058 GC heap after
{Heap after GC invocations=246 (full 188):
 garbage-first heap   total 133120K, used 39095K [0x00000000c0000000, 0x0000000100000000)
  region size 1024K, 0 young (0K), 0 survivors (0K)
 Metaspace       used 70791K, committed 71424K, reserved 1114112K
  class space    used 9661K, committed 9920K, reserved 1048576K
}
Event: 2996.767 GC heap before
{Heap before GC invocations=246 (full 188):
 garbage-first heap   total 133120K, used 39095K [0x00000000c0000000, 0x0000000100000000)
  region size 1024K, 1 young (1024K), 0 survivors (0K)
 Metaspace       used 70791K, committed 71424K, reserved 1114112K
  class space    used 9661K, committed 9920K, reserved 1048576K
}
Event: 2996.833 GC heap after
{Heap after GC invocations=247 (full 189):
 garbage-first heap   total 133120K, used 39095K [0x00000000c0000000, 0x0000000100000000)
  region size 1024K, 0 young (0K), 0 survivors (0K)
 Metaspace       used 70791K, committed 71424K, reserved 1114112K
  class space    used 9661K, committed 9920K, reserved 1048576K
}
Event: 3007.346 GC heap before
{Heap before GC invocations=247 (full 189):
 garbage-first heap   total 133120K, used 39095K [0x00000000c0000000, 0x0000000100000000)
  region size 1024K, 1 young (1024K), 0 survivors (0K)
 Metaspace       used 70791K, committed 71424K, reserved 1114112K
  class space    used 9661K, committed 9920K, reserved 1048576K
}
Event: 3007.414 GC heap after
{Heap after GC invocations=248 (full 190):
 garbage-first heap   total 133120K, used 39095K [0x00000000c0000000, 0x0000000100000000)
  region size 1024K, 0 young (0K), 0 survivors (0K)
 Metaspace       used 70791K, committed 71424K, reserved 1114112K
  class space    used 9661K, committed 9920K, reserved 1048576K
}
Event: 3017.979 GC heap before
{Heap before GC invocations=248 (full 190):
 garbage-first heap   total 133120K, used 39095K [0x00000000c0000000, 0x0000000100000000)
  region size 1024K, 1 young (1024K), 0 survivors (0K)
 Metaspace       used 70791K, committed 71424K, reserved 1114112K
  class space    used 9661K, committed 9920K, reserved 1048576K
}
Event: 3018.046 GC heap after
{Heap after GC invocations=249 (full 191):
 garbage-first heap   total 133120K, used 39095K [0x00000000c0000000, 0x0000000100000000)
  region size 1024K, 0 young (0K), 0 survivors (0K)
 Metaspace       used 70791K, committed 71424K, reserved 1114112K
  class space    used 9661K, committed 9920K, reserved 1048576K
}
Event: 3028.342 GC heap before
{Heap before GC invocations=249 (full 191):
 garbage-first heap   total 133120K, used 39095K [0x00000000c0000000, 0x0000000100000000)
  region size 1024K, 1 young (1024K), 0 survivors (0K)
 Metaspace       used 70791K, committed 71424K, reserved 1114112K
  class space    used 9661K, committed 9920K, reserved 1048576K
}
Event: 3028.395 GC heap after
{Heap after GC invocations=250 (full 192):
 garbage-first heap   total 133120K, used 39095K [0x00000000c0000000, 0x0000000100000000)
  region size 1024K, 0 young (0K), 0 survivors (0K)
 Metaspace       used 70791K, committed 71424K, reserved 1114112K
  class space    used 9661K, committed 9920K, reserved 1048576K
}
Event: 3039.171 GC heap before
{Heap before GC invocations=250 (full 192):
 garbage-first heap   total 133120K, used 39095K [0x00000000c0000000, 0x0000000100000000)
  region size 1024K, 1 young (1024K), 0 survivors (0K)
 Metaspace       used 70791K, committed 71424K, reserved 1114112K
  class space    used 9661K, committed 9920K, reserved 1048576K
}
Event: 3039.240 GC heap after
{Heap after GC invocations=251 (full 193):
 garbage-first heap   total 133120K, used 39095K [0x00000000c0000000, 0x0000000100000000)
  region size 1024K, 0 young (0K), 0 survivors (0K)
 Metaspace       used 70791K, committed 71424K, reserved 1114112K
  class space    used 9661K, committed 9920K, reserved 1048576K
}

